<?xml version="1.0" encoding="UTF-8"?>
<testng-results ignored="0" total="1" passed="1" failed="0" skipped="0">
  <reporter-output>
  </reporter-output>
  <suite started-at="2024-09-20T22:22:47 EDT" name="Default suite" finished-at="2024-09-20T22:22:57 EDT" duration-ms="9721">
    <groups>
    </groups>
    <test started-at="2024-09-20T22:22:47 EDT" name="Default test" finished-at="2024-09-20T22:22:57 EDT" duration-ms="9721">
      <class name="sileniumjenkins.TestForJenkins">
        <test-method signature="startBrowser()[pri:0, instance:sileniumjenkins.TestForJenkins@609e8838]" started-at="2024-09-20T22:22:47 EDT" name="startBrowser" finished-at="2024-09-20T22:22:57 EDT" duration-ms="9588" status="PASS">
          <reporter-output>
          </reporter-output>
        </test-method> <!-- startBrowser -->
      </class> <!-- sileniumjenkins.TestForJenkins -->
    </test> <!-- Default test -->
  </suite> <!-- Default suite -->
</testng-results>
